<?xml version="1.0" encoding="UTF-8"?>
<testsuite name="com.maskapai.ApplicationTest" time="3.63" tests="17" errors="0" skipped="0" failures="0">
  <properties>
    <property name="java.runtime.name" value="OpenJDK Runtime Environment"/>
    <property name="java.vm.version" value="11.0.2+9"/>
    <property name="sun.boot.library.path" value="/Users/dgunawan/.sdkman/candidates/java/11.0.2-open/lib"/>
    <property name="gopherProxySet" value="false"/>
    <property name="maven.multiModuleProjectDirectory" value="/Users/dgunawan/IdeaProjects/what-in-the-fridge"/>
    <property name="java.vm.vendor" value="Oracle Corporation"/>
    <property name="java.vendor.url" value="http://java.oracle.com/"/>
    <property name="guice.disable.misplaced.annotation.check" value="true"/>
    <property name="path.separator" value=":"/>
    <property name="java.vm.name" value="OpenJDK 64-Bit Server VM"/>
    <property name="sun.os.patch.level" value="unknown"/>
    <property name="user.country" value="US"/>
    <property name="sun.java.launcher" value="SUN_STANDARD"/>
    <property name="java.vm.specification.name" value="Java Virtual Machine Specification"/>
    <property name="user.dir" value="/Users/dgunawan/IdeaProjects/what-in-the-fridge"/>
    <property name="java.vm.compressedOopsMode" value="Zero based"/>
    <property name="java.runtime.version" value="11.0.2+9"/>
    <property name="java.awt.graphicsenv" value="sun.awt.CGraphicsEnvironment"/>
    <property name="os.arch" value="x86_64"/>
    <property name="java.io.tmpdir" value="/var/folders/y4/2b35g50163n7d1wzqnqp77fm0000gn/T/"/>
    <property name="line.separator" value="&#10;"/>
    <property name="java.vm.specification.vendor" value="Oracle Corporation"/>
    <property name="os.name" value="Mac OS X"/>
    <property name="classworlds.conf" value="/usr/local/Cellar/maven/3.3.9/libexec/bin/m2.conf"/>
    <property name="sun.jnu.encoding" value="UTF-8"/>
    <property name="java.library.path" value="/Users/dgunawan/Library/Java/Extensions:/Library/Java/Extensions:/Network/Library/Java/Extensions:/System/Library/Java/Extensions:/usr/lib/java:."/>
    <property name="jdk.debug" value="release"/>
    <property name="java.class.version" value="55.0"/>
    <property name="java.specification.name" value="Java Platform API Specification"/>
    <property name="sun.management.compiler" value="HotSpot 64-Bit Tiered Compilers"/>
    <property name="os.version" value="10.15.4"/>
    <property name="http.nonProxyHosts" value="local|*.local|169.254/16|*.169.254/16"/>
    <property name="user.home" value="/Users/dgunawan"/>
    <property name="user.timezone" value="America/Chicago"/>
    <property name="java.awt.printerjob" value="sun.lwawt.macosx.CPrinterJob"/>
    <property name="file.encoding" value="UTF-8"/>
    <property name="java.specification.version" value="11"/>
    <property name="user.name" value="dgunawan"/>
    <property name="java.class.path" value="/usr/local/Cellar/maven/3.3.9/libexec/boot/plexus-classworlds-2.5.2.jar"/>
    <property name="java.vm.specification.version" value="11"/>
    <property name="sun.arch.data.model" value="64"/>
    <property name="sun.java.command" value="org.codehaus.plexus.classworlds.launcher.Launcher clean package"/>
    <property name="java.home" value="/Users/dgunawan/.sdkman/candidates/java/11.0.2-open"/>
    <property name="user.language" value="en"/>
    <property name="java.specification.vendor" value="Oracle Corporation"/>
    <property name="awt.toolkit" value="sun.lwawt.macosx.LWCToolkit"/>
    <property name="java.vm.info" value="mixed mode"/>
    <property name="java.version" value="11.0.2"/>
    <property name="java.vendor" value="Oracle Corporation"/>
    <property name="maven.home" value="/usr/local/Cellar/maven/3.3.9/libexec"/>
    <property name="file.separator" value="/"/>
    <property name="java.version.date" value="2019-01-15"/>
    <property name="java.vendor.url.bug" value="http://bugreport.java.com/bugreport/"/>
    <property name="sun.io.unicode.encoding" value="UnicodeBig"/>
    <property name="sun.cpu.endian" value="little"/>
    <property name="java.vendor.version" value="18.9"/>
    <property name="socksNonProxyHosts" value="local|*.local|169.254/16|*.169.254/16"/>
    <property name="ftp.nonProxyHosts" value="local|*.local|169.254/16|*.169.254/16"/>
    <property name="sun.cpu.isalist" value=""/>
  </properties>
  <testcase name="post_refrigerator1_item_over12" classname="com.maskapai.ApplicationTest" time="2.773"/>
  <testcase name="delete_refrigerator1_item" classname="com.maskapai.ApplicationTest" time="0.072"/>
  <testcase name="delete_refrigerator4_not_exist" classname="com.maskapai.ApplicationTest" time="0.066"/>
  <testcase name="post_refrigerator4_item_notExist" classname="com.maskapai.ApplicationTest" time="0.058"/>
  <testcase name="get_refrigerator1_item_not_exist" classname="com.maskapai.ApplicationTest" time="0.055"/>
  <testcase name="get_refrigerator1_item_exist" classname="com.maskapai.ApplicationTest" time="0.056"/>
  <testcase name="delete_refrigerator4_item_notExist" classname="com.maskapai.ApplicationTest" time="0.047"/>
  <testcase name="get_refrigerator1_not_exist" classname="com.maskapai.ApplicationTest" time="0.043"/>
  <testcase name="get_refrigerator1_exist" classname="com.maskapai.ApplicationTest" time="0.051"/>
  <testcase name="get_refrigerator1_exist_wrongToken" classname="com.maskapai.ApplicationTest" time="0.053"/>
  <testcase name="delete_refrigerator3_exist" classname="com.maskapai.ApplicationTest" time="0.041"/>
  <testcase name="post_Login_fail" classname="com.maskapai.ApplicationTest" time="0.08"/>
  <testcase name="post_refrigerator1_item_under12" classname="com.maskapai.ApplicationTest" time="0.05"/>
  <testcase name="put_refrigerator1_item_over12" classname="com.maskapai.ApplicationTest" time="0.045"/>
  <testcase name="put_refrigerator4_item_notExist" classname="com.maskapai.ApplicationTest" time="0.04"/>
  <testcase name="post_Login_succes" classname="com.maskapai.ApplicationTest" time="0.054"/>
  <testcase name="put_refrigerator1_item_under12" classname="com.maskapai.ApplicationTest" time="0.046"/>
</testsuite>